<?xml version="1.0" encoding="UTF-8"?>
<!-- Generated by org.testng.reporters.JUnitReportReporter -->
<testsuite hostname="asd1550po01976" name="automateGithubUploading.AutomateGithub" tests="3" failures="0" timestamp="4 Jul 2016 06:59:02 GMT" time="41.293" errors="0">
  <testcase name="testTwo" time="18.921" classname="automateGithubUploading.AutomateGithub"/>
  <testcase name="testOne" time="11.337" classname="automateGithubUploading.AutomateGithub"/>
  <testcase name="testThree" time="11.035" classname="automateGithubUploading.AutomateGithub"/>
</testsuite> <!-- automateGithubUploading.AutomateGithub -->
